<?xml version="1.0" encoding="UTF-8"?>
<!-- Generated by org.testng.reporters.JUnitReportReporter -->
<testsuite skipped="0" hostname="LAPTOP-JLPCQCSL" name="test.SearchTest" tests="5" failures="0" timestamp="12 Oct 2018 00:45:19 GMT" time="15.924" errors="0">
  <testcase name="blankSearch" time="0.622" classname="test.SearchTest"/>
  <testcase name="invalidSearchByZipcode" time="2.814" classname="test.SearchTest"/>
  <testcase name="validSearchByZipcode" time="4.790" classname="test.SearchTest"/>
  <testcase name="invalidsearchByAddress" time="3.302" classname="test.SearchTest"/>
  <testcase name="validsearchByAddress" time="4.396" classname="test.SearchTest"/>
</testsuite> <!-- test.SearchTest -->
